Scenario - pitchmatch
Logfile written - 12/07/2018 15:36:56

Trial	Event Type	Code	Time	TTime	Uncertainty	Duration	Uncertainty	ReqTime	ReqDur	Stim Type	Pair Index

1	Picture	block	166	0	1	5667	2	0	next	other	0
1	Response	0	5309	5143	1
2	Picture	fix	5833	0	1	6166	2	0	next	other	0
3	Picture	img	11999	0	1	8166	2	0	next	other	0
3	Sound	sound1	11999	0	2			0		other	0
3	Sound	sound2	16999	5000	1			5000		other	0
4	Picture	imgPres1	20165	0	1	6167	2	0	next	hit	8
4	Response	0	26108	5943	1
5	Picture	fix	26332	0	1	6166	2	0	next	other	0
6	Picture	img	32498	0	1	8167	2	0	next	other	0
6	Sound	sound1	32499	1	1			0		other	0
6	Sound	sound2	37498	5000	1			5000		other	0
7	Picture	imgPres1	40665	0	1	5333	2	0	next	hit	14
7	Response	0	45468	4803	1
8	Picture	fix	45998	0	1	6166	2	0	next	other	0
9	Picture	img	52164	0	1	8167	2	0	next	other	0
9	Sound	sound1	52165	1	1			0		other	0
9	Sound	sound2	57164	5000	1			5000		other	0
10	Picture	imgPres1	60331	0	1	6833	2	0	next	hit	20
10	Response	0	67067	6736	1
11	Picture	block	67164	0	1	13461	2	0	next	other	0
11	Quit		80587	13423
